# JRE version: Java(TM) SE Runtime Environment (8.0_191-b12) (build 1.8.0_191-b12)
# Java VM: Java HotSpot(TM) Client VM (25.191-b12 mixed mode windows-x86 )
Heap:
 def new generation   total 62400K, used 32459K [0x05400000, 0x097b0000, 0x0fea0000)
  eden space 55488K,  56% used [0x05400000, 0x0727f248, 0x08a30000)
  from space 6912K,  17% used [0x08a30000, 0x08b63b00, 0x090f0000)
  to   space 6912K,   0% used [0x090f0000, 0x090f0000, 0x097b0000)
 tenured generation   total 138564K, used 108366K [0x0fea0000, 0x185f1000, 0x25400000)
   the space 138564K,  78% used [0x0fea0000, 0x16873958, 0x16873a00, 0x185f1000)
 Metaspace       used 25094K, capacity 25632K, committed 25728K, reserved 25984K
GC Heap History (10 events):
Event: 1461.099 GC heap before
{Heap before GC invocations=153 (full 3):
 def new generation   total 62400K, used 57247K [0x05400000, 0x097b0000, 0x0fea0000)
  eden space 55488K, 100% used [0x05400000, 0x08a30000, 0x08a30000)
  from space 6912K,  25% used [0x090f0000, 0x092a7d98, 0x097b0000)
  to   space 6912K,   0% used [0x08a30000, 0x08a30000, 0x090f0000)
 tenured generation   total 138564K, used 108366K [0x0fea0000, 0x185f1000, 0x25400000)
   the space 138564K,  78% used [0x0fea0000, 0x16873958, 0x16873a00, 0x185f1000)
 Metaspace       used 25085K, capacity 25630K, committed 25728K, reserved 25984K
Event: 1461.102 GC heap after
Heap after GC invocations=154 (full 3):
 def new generation   total 62400K, used 1596K [0x05400000, 0x097b0000, 0x0fea0000)
  eden space 55488K,   0% used [0x05400000, 0x05400000, 0x08a30000)
  from space 6912K,  23% used [0x08a30000, 0x08bbf088, 0x090f0000)
  to   space 6912K,   0% used [0x090f0000, 0x090f0000, 0x097b0000)
 tenured generation   total 138564K, used 108366K [0x0fea0000, 0x185f1000, 0x25400000)
   the space 138564K,  78% used [0x0fea0000, 0x16873958, 0x16873a00, 0x185f1000)
 Metaspace       used 25085K, capacity 25630K, committed 25728K, reserved 25984K
}
Event: 1724.101 GC heap before
{Heap before GC invocations=154 (full 3):
 def new generation   total 62400K, used 57084K [0x05400000, 0x097b0000, 0x0fea0000)
  eden space 55488K, 100% used [0x05400000, 0x08a30000, 0x08a30000)
  from space 6912K,  23% used [0x08a30000, 0x08bbf088, 0x090f0000)
  to   space 6912K,   0% used [0x090f0000, 0x090f0000, 0x097b0000)
 tenured generation   total 138564K, used 108366K [0x0fea0000, 0x185f1000, 0x25400000)
   the space 138564K,  78% used [0x0fea0000, 0x16873958, 0x16873a00, 0x185f1000)
 Metaspace       used 25088K, capacity 25632K, committed 25728K, reserved 25984K
Event: 1724.104 GC heap after
Heap after GC invocations=155 (full 3):
 def new generation   total 62400K, used 1756K [0x05400000, 0x097b0000, 0x0fea0000)
  eden space 55488K,   0% used [0x05400000, 0x05400000, 0x08a30000)
  from space 6912K,  25% used [0x090f0000, 0x092a70d0, 0x097b0000)
  to   space 6912K,   0% used [0x08a30000, 0x08a30000, 0x090f0000)
 tenured generation   total 138564K, used 108366K [0x0fea0000, 0x185f1000, 0x25400000)
   the space 138564K,  78% used [0x0fea0000, 0x16873958, 0x16873a00, 0x185f1000)
 Metaspace       used 25088K, capacity 25632K, committed 25728K, reserved 25984K
}
Event: 1848.843 GC heap before
{Heap before GC invocations=155 (full 3):
 def new generation   total 62400K, used 57004K [0x05400000, 0x097b0000, 0x0fea0000)
  eden space 55488K,  99% used [0x05400000, 0x089f40d0, 0x08a30000)
  from space 6912K,  25% used [0x090f0000, 0x092a70d0, 0x097b0000)
  to   space 6912K,   0% used [0x08a30000, 0x08a30000, 0x090f0000)
 tenured generation   total 138564K, used 108366K [0x0fea0000, 0x185f1000, 0x25400000)
   the space 138564K,  78% used [0x0fea0000, 0x16873958, 0x16873a00, 0x185f1000)
 Metaspace       used 25088K, capacity 25632K, committed 25728K, reserved 25984K
Event: 1848.846 GC heap after
Heap after GC invocations=156 (full 3):
 def new generation   total 62400K, used 2240K [0x05400000, 0x097b0000, 0x0fea0000)
  eden space 55488K,   0% used [0x05400000, 0x05400000, 0x08a30000)
  from space 6912K,  32% used [0x08a30000, 0x08c60150, 0x090f0000)
  to   space 6912K,   0% used [0x090f0000, 0x090f0000, 0x097b0000)
 tenured generation   total 138564K, used 108366K [0x0fea0000, 0x185f1000, 0x25400000)
   the space 138564K,  78% used [0x0fea0000, 0x16873958, 0x16873a00, 0x185f1000)
 Metaspace       used 25088K, capacity 25632K, committed 25728K, reserved 25984K
}
Event: 2006.980 GC heap before
{Heap before GC invocations=156 (full 3):
 def new generation   total 62400K, used 57218K [0x05400000, 0x097b0000, 0x0fea0000)
  eden space 55488K,  99% used [0x05400000, 0x089b0958, 0x08a30000)
  from space 6912K,  32% used [0x08a30000, 0x08c60150, 0x090f0000)
  to   space 6912K,   0% used [0x090f0000, 0x090f0000, 0x097b0000)
 tenured generation   total 138564K, used 108366K [0x0fea0000, 0x185f1000, 0x25400000)
   the space 138564K,  78% used [0x0fea0000, 0x16873958, 0x16873a00, 0x185f1000)
 Metaspace       used 25088K, capacity 25632K, committed 25728K, reserved 25984K
Event: 2006.982 GC heap after
Heap after GC invocations=157 (full 3):
 def new generation   total 62400K, used 2227K [0x05400000, 0x097b0000, 0x0fea0000)
  eden space 55488K,   0% used [0x05400000, 0x05400000, 0x08a30000)
  from space 6912K,  32% used [0x090f0000, 0x0931cde8, 0x097b0000)
  to   space 6912K,   0% used [0x08a30000, 0x08a30000, 0x090f0000)
 tenured generation   total 138564K, used 108366K [0x0fea0000, 0x185f1000, 0x25400000)
   the space 138564K,  78% used [0x0fea0000, 0x16873958, 0x16873a00, 0x185f1000)
 Metaspace       used 25088K, capacity 25632K, committed 25728K, reserved 25984K
}
Event: 2241.341 GC heap before
{Heap before GC invocations=157 (full 3):
 def new generation   total 62400K, used 57715K [0x05400000, 0x097b0000, 0x0fea0000)
  eden space 55488K, 100% used [0x05400000, 0x08a30000, 0x08a30000)
  from space 6912K,  32% used [0x090f0000, 0x0931cde8, 0x097b0000)
  to   space 6912K,   0% used [0x08a30000, 0x08a30000, 0x090f0000)
 tenured generation   total 138564K, used 108366K [0x0fea0000, 0x185f1000, 0x25400000)
   the space 138564K,  78% used [0x0fea0000, 0x16873958, 0x16873a00, 0x185f1000)
 Metaspace       used 25088K, capacity 25632K, committed 25728K, reserved 25984K
Event: 2241.344 GC heap after
Heap after GC invocations=158 (full 3):
 def new generation   total 62400K, used 1230K [0x05400000, 0x097b0000, 0x0fea0000)
  eden space 55488K,   0% used [0x05400000, 0x05400000, 0x08a30000)
  from space 6912K,  17% used [0x08a30000, 0x08b63b00, 0x090f0000)
  to   space 6912K,   0% used [0x090f0000, 0x090f0000, 0x097b0000)
 tenured generation   total 138564K, used 108366K [0x0fea0000, 0x185f1000, 0x25400000)
   the space 138564K,  78% used [0x0fea0000, 0x16873958, 0x16873a00, 0x185f1000)
 Metaspace       used 25088K, capacity 25632K, committed 25728K, reserved 25984K
}

